#
# There is insufficient memory for the Java Runtime Environment to continue.
# Native memory allocation (malloc) failed to allocate 32744 bytes for ChunkPool::allocate
# Possible reasons:
#   The system is out of physical RAM or swap space
#   In 32 bit mode, the process size limit was hit
# Possible solutions:
#   Reduce memory load on the system
#   Increase physical memory or swap space
#   Check if swap backing store is full
#   Use 64 bit Java on a 64 bit OS
#   Decrease Java heap size (-Xmx/-Xms)
#   Decrease number of Java threads
#   Decrease Java thread stack sizes (-Xss)
#   Set larger code cache with -XX:ReservedCodeCacheSize=
# This output file may be truncated or incomplete.
#
#  Out of Memory Error (allocation.cpp:273), pid=3180, tid=9596
#
# JRE version: Java(TM) SE Runtime Environment (8.0_60-b27) (build 1.8.0_60-b27)
# Java VM: Java HotSpot(TM) 64-Bit Server VM (25.60-b23 mixed mode windows-amd64 compressed oops)
# Failed to write core dump. Minidumps are not enabled by default on client versions of Windows
#

---------------  T H R E A D  ---------------

Current thread (0x0000000015440800):  JavaThread "C2 CompilerThread0" daemon [_thread_in_native, id=9596, stack(0x00000000169f0000,0x0000000016af0000)]

Stack: [0x00000000169f0000,0x0000000016af0000]
[error occurred during error reporting (printing stack bounds), id 0xc0000005]

Native frames: (J=compiled Java code, j=interpreted, Vv=VM code, C=native code)


Current CompileTask:
C2:    208  100       4       java.lang.String::indexOf (70 bytes)


---------------  P R O C E S S  ---------------

Java Threads: ( => current thread )
  0x0000000016b7b000 JavaThread "Service Thread" daemon [_thread_blocked, id=8992, stack(0x00000000170f0000,0x00000000171f0000)]
  0x0000000016b19000 JavaThread "C1 CompilerThread2" daemon [_thread_blocked, id=10636, stack(0x0000000016ff0000,0x00000000170f0000)]
  0x0000000016af2000 JavaThread "C2 CompilerThread1" daemon [_thread_blocked, id=6068, stack(0x0000000016ef0000,0x0000000016ff0000)]
=>0x0000000015440800 JavaThread "C2 CompilerThread0" daemon [_thread_in_native, id=9596, stack(0x00000000169f0000,0x0000000016af0000)]
  0x000000001543e800 JavaThread "Attach Listener" daemon [_thread_blocked, id=2588, stack(0x00000000168f0000,0x00000000169f0000)]
  0x0000000015429000 JavaThread "Signal Dispatcher" daemon [_thread_blocked, id=2672, stack(0x00000000167f0000,0x00000000168f0000)]
  0x0000000002d37000 JavaThread "Finalizer" daemon [_thread_blocked, id=10560, stack(0x0000000016680000,0x0000000016780000)]
  0x0000000002d2d000 JavaThread "Reference Handler" daemon [_thread_blocked, id=5840, stack(0x0000000016580000,0x0000000016680000)]
  0x0000000002c41000 JavaThread "main" [_thread_in_vm, id=10848, stack(0x0000000002b40000,0x0000000002c40000)]

Other Threads:
  0x00000000153f8000 VMThread [stack: 0x0000000016480000,0x0000000016580000] [id=9288]
  0x0000000016bb5000 WatcherThread [stack: 0x00000000171f0000,0x00000000172f0000] [id=3700]

VM state:not at safepoint (normal execution)

VM Mutex/Monitor currently owned by a thread: None

Heap:
 PSYoungGen      total 38400K, used 3996K [0x00000000eab00000, 0x00000000ed580000, 0x0000000100000000)
  eden space 33280K, 12% used [0x00000000eab00000,0x00000000eaee7168,0x00000000ecb80000)
  from space 5120K, 0% used [0x00000000ed080000,0x00000000ed080000,0x00000000ed580000)
  to   space 5120K, 0% used [0x00000000ecb80000,0x00000000ecb80000,0x00000000ed080000)
 ParOldGen       total 87552K, used 0K [0x00000000c0000000, 0x00000000c5580000, 0x00000000eab00000)
  object space 87552K, 0% used [0x00000000c0000000,0x00000000c0000000,0x00000000c5580000)
 Metaspace       used 3538K, capacity 4880K, committed 5120K, reserved 1056768K
  class space    used 395K, capacity 456K, committed 512K, reserved 1048576K

Card table byte_map: [0x0000000012100000,0x0000000012310000] byte_map_base: 0x0000000011b00000

Marking Bits: (ParMarkBitMap*) 0x000000007475a5b0
 Begin Bits: [0x0000000012870000, 0x0000000013870000)
 End Bits:   [0x0000000013870000, 0x0000000014870000)

Polling page: 0x00000000027b0000

CodeCache: size=245760Kb used=1259Kb max_used=1259Kb free=244500Kb
 bounds [0x0000000002d40000, 0x0000000002fb0000, 0x0000000011d40000]
 total_blobs=352 nmethods=106 adapters=159
 compilation: enabled

Compilation events (10 events):
Event: 0.198 Thread 0x0000000016b19000   93       1       sun.misc.URLClassPath$JarLoader::access$600 (5 bytes)
Event: 0.198 Thread 0x0000000016b19000 nmethod 93 0x0000000002e726d0 code [0x0000000002e72820, 0x0000000002e72910]
Event: 0.199 Thread 0x0000000016b19000   95       1       java.security.CodeSource::getLocation (5 bytes)
Event: 0.199 Thread 0x0000000016b19000 nmethod 95 0x0000000002e72d10 code [0x0000000002e72e60, 0x0000000002e72f70]
Event: 0.199 Thread 0x0000000016b19000   96  s    3       sun.misc.PerfCounter::add (18 bytes)
Event: 0.199 Thread 0x0000000016b19000 nmethod 96 0x0000000002e72fd0 code [0x0000000002e73160, 0x0000000002e737d8]
Event: 0.199 Thread 0x0000000016b19000   97  s    3       sun.misc.PerfCounter::get (9 bytes)
Event: 0.199 Thread 0x0000000016b19000 nmethod 97 0x0000000002e73a10 code [0x0000000002e73b80, 0x0000000002e73f08]
Event: 0.201 Thread 0x0000000015440800  100       4       java.lang.String::indexOf (70 bytes)
Event: 0.201 Thread 0x0000000016b19000   98   !   3       java.lang.ClassLoader::loadClass (122 bytes)

GC Heap History (0 events):
No events

Deoptimization events (0 events):
No events

Internal exceptions (2 events):
Event: 0.036 Thread 0x0000000002c41000 Exception <a 'java/lang/NoSuchMethodError': Method sun.misc.Unsafe.defineClass(Ljava/lang/String;[BII)Ljava/lang/Class; name or signature does not match> (0x00000000eab13058) thrown at [C:\re\workspace\8-2-build-windows-amd64-cygwin\jdk8u60\4407\hotspot\srcY K †¢?
Event: 0.036 Thread 0x0000000002c41000 Exception <a 'java/lang/NoSuchMethodError': Method sun.misc.Unsafe.prefetchRead(Ljava/lang/Object;J)V name or signature does not match> (0x00000000eab13340) thrown at [C:\re\workspace\8-2-build-windows-amd64-cygwin\jdk8u60\4407\hotspot\src\share\vm\prims\j

Events (10 events):
Event: 0.200 loading class com/android/dx/rop/cst/CstLong
Event: 0.200 loading class com/android/dx/rop/cst/CstLong done
Event: 0.201 loading class com/android/dx/rop/cst/CstLiteral64
Event: 0.201 loading class com/android/dx/rop/cst/CstLiteral64 done
Event: 0.201 loading class com/android/dx/rop/cst/CstDouble
Event: 0.201 loading class com/android/dx/rop/cst/CstDouble done
Event: 0.201 loading class com/android/dx/rop/cst/CstFieldRef
Event: 0.201 loading class com/android/dx/rop/cst/CstFieldRef done
Event: 0.202 loading class com/android/dx/rop/cst/CstMemberRef
Event: 0.202 loading class com/android/dx/rop/cst/CstMemberRef done


Dynamic libraries:
0x00007ff6b2c30000 - 0x00007ff6b2c67000 	C:\Windows\system32\bcryptPrimitives.dll
0x00007ff8a3100000 - 0x00007ff8a32c1000 	C:\Program Files\Java\jdk1.8.0_60\jre\bin\msvcr100.dll
0x00007ff8a22e0000 - 0x00007ff8a238d000 	C:\Windows\system32\KERNEL32.DLL
0x00007ff89fbf0000 - 0x00007ff89fdd8000 	C:\Windows\SYSTEM32\VERSION.dll
0x00007ff8a2ea0000 - 0x00007ff8a2f47000 	C:\Windows\SYSTEM32\WINMM.dll
0x00007ff8a3050000 - 0x00007ff8a30ed000 	C:\Windows\system32\msvcrt.dll
0x00007ff8a2f50000 - 0x00007ff8a2fab000 	C:\Windows\SYSTEM32\WINMMBASE.dll
0x00007ff8a0a30000 - 0x00007ff8a0b4c000 	C:\Windows\system32\RPCRT4.dll
0x00007ff8a0500000 - 0x00007ff8a0656000 	C:\Windows\system32\USER32.dll
0x00007ff8a27c0000 - 0x00007ff8a2946000 	C:\Windows\system32\GDI32.dll
0x00007ff88f6e0000 - 0x00007ff88f954000 	C:\Windows\WinSxS\amd64_microsoft.windows.common-controls_6595b64144ccf1df_6.0.10586.839_none_a2ddba30a539a2ae\COMCTL32.dll
0x00007ff8a2c20000 - 0x00007ff8a2e9e000 	C:\Windows\SYSTEM32\ntdll.dll
0x00007ff8a0490000 - 0x00007ff8a04fa000 	C:\Windows\system32\msvcrt.dll
0x00007ff8a3010000 - 0x00007ff8a304b000 	C:\Windows\system32\USER32.dll
0x00000000747e0000 - 0x00000000748b2000 	C:\Windows\system32\bcryptPrimi
0x0000000073f50000 - 0x00000000747d9000 	C:\Program Files\Java\jdk1.8.0_60\jre\bin\msvcr100.dll
0x00007ff8a2b00000 - 0x00007ff8a2b08000 	C:\Program Files\Java\jdk1.8.0_60\jre\bin\verify.dll
0x00007ff89cf60000 - 0x00007ff89cf6a000 	C:\Program Files\Java\jdk1.8.0_60\jre\bin\zip.dll
0x00007ff89d9d0000 - 0x00007ff89d9f3000 	C:\Windows\SYSTEM32\WINMM.dll
0x00007ff88fc80000 - 0x00007ff88fc89000 	C:\Windows\SYSTEM32\WSOCK32.dll
0x00007ff8a0670000 - 0x00007ff8a06db000 	C:\Windows\system32\WS2_32.dll
0x00007ff89d8e0000 - 0x00007ff89d90c000 	C:\Windows\SYSTEM32\WINMMBASE.dll
0x00007ff89fba0000 - 0x00007ff89fbe3000 	C:\Windows\system32\cfgmgr32.dll
0x0000000073f40000 - 0x0000000073f4f000 	C:\Program Files\Java\jdk1.8.0_60\jre\bin\verify.dll
0x0000000073f10000 - 0x0000000073f39000 	C:\Program Files\Java\jdk1.8.0_60\jre\bin\java.dll
0x0000000073ef0000 - 0x0000000073f06000 	C:\Program Files\Java\jdk1.8.0_60\jre\bin\zip.dll
0x00007ff8a0bc0000 - 0x00007ff8a211c000 	C:\Windows\system32\SHELL32.dll
0x00007ff89fde0000 - 0x00007ff8a0424000 	C:\Windows\system32\windows.storage.dll
0x00007ff8a2fb0000 - 0x00007ff8a3002000 	C:\Windows\system32\shlwapi.dll
0x00007ff89f720000 - 0x00007ff89f72f000 	C:\Windows\system32\kernel.appcore.dll
0x00007ff89fac0000 - 0x00007ff89fb75000 	C:\Windows\system32\shcore.dll
0x00007ff89f740000 - 0x00007ff89f78b000 	C:\Windows\system32\powrprof.dll
0x00007ff89f790000 - 0x00007ff89f7a4000 	C:\Windows\system32\profapi.dll

VM Arguments:
jvm_args: -Djava.awt.headless=true -Xmx1024M -Dfile.encoding=GBK -Duser.country=CN -Duser.language=zh -Duser.variant 
java_command: com.android.dx.command.Main --dex --num-threads=4 --output C:\Users\weixi\Documents\MyTest\app\build\intermediates\pre-dexed\debug\debug_1a1e03666b6ab22e25831a25ef78514b5a78f60d.jar C:\Users\weixi\Documents\MyTest\app\build\intermediates\classes\debug
java_class_path (initial): C:\Users\weixi\Documents\tools_az\sdk\sdk\sdk\build-tools\25.0.3\lib\dx.jar
Launcher Type: SUN_STANDARD

Environment Variables:
JAVA_HOME=C:\Program Files\Java\jdk1.8.0_60
CLASSPATH=C:\Users\weixi\Documents\MyTest\\gradle\wrapper\gradle-wrapper.jar
PATH=C:\ProgramData\Oracle\Java\javapath;C:\Users\weixi\Documents\adt-bundle-windows-x86_64-20140702\adt-bundle-windows-x86_64-20140702\sdk\tools;C:\Users\weixi\Documents\adt-bundle-windows-x86_64-20140702\adt-bundle-windows-x86_64-20140702\sdk\platform-tools;C:\Program Files\Java\jdk1.8.0_60\bin;C:\Users\weixi\Documents\tools_az\sdk\sdk\sdk\tools;C:\Users\weixi\Documents\tools_az\sdk\sdk\sdk\platform-tools;C:\Users\weixi\Documents\tools_az\apache-maven-3.2.5\bin;C:\Windows\SysWOW64;C:\Windows\System32
USERNAME=weixi
OS=Windows_NT
PROCESSOR_IDENTIFIER=Intel64 Family 6 Model 61 Stepping 4, GenuineIntel



---------------  S Y S T E M  ---------------

OS: Windows 10.0 , 64 bit Build 10586 (10.0.10586.589)

CPU:total 4 (2 cores per cpu, 2 threads per core) family 6 model 61 stepping 4, cmov, cx8, fxsr, mmx, sse, sse2, sse3, ssse3, sse4.1, sse4.2, popcnt, avx, avx2, aes, clmul, erms, 3dnowpref, lzcnt, ht, tsc, tscinvbit, bmi1, bmi2, adx

Memory: 4k page, physical 8303840k(2587088k free), swap 9555168k(2436k free)

vm_info: Java HotSpot(TM) 64-Bit Server VM (25.60-b23) for windows-amd64 JRE (1.8.0_60-b27), built on Aug  4 2015 11:06:27 by "java_re" with MS VC++ 10.0 (VS2010)

time: Thu Jun 15 19:58:53 2017
elapsed time: 0 seconds (0d 0h 0m 0s)

